<?xml version="1.0" encoding="UTF-8"?>
<testng-results skipped="0" failed="0" total="1" passed="1">
  <reporter-output>
  </reporter-output>
  <suite name="Default suite" duration-ms="7440" started-at="2015-02-25T04:25:31Z" finished-at="2015-02-25T04:25:38Z">
    <groups>
    </groups>
    <test name="Default test" duration-ms="7440" started-at="2015-02-25T04:25:31Z" finished-at="2015-02-25T04:25:38Z">
      <class name="com.example.tests.GroupModificationTests">
        <test-method status="PASS" signature="seUp()[pri:0, instance:com.example.tests.GroupModificationTests@517cd4b]" name="seUp" is-config="true" duration-ms="5210" started-at="2015-02-24T23:25:31Z" finished-at="2015-02-24T23:25:36Z">
          <reporter-output>
          </reporter-output>
        </test-method> <!-- seUp -->
        <test-method status="PASS" signature="modifySomeGroup()[pri:0, instance:com.example.tests.GroupModificationTests@517cd4b]" name="modifySomeGroup" duration-ms="2030" started-at="2015-02-24T23:25:36Z" finished-at="2015-02-24T23:25:38Z">
          <reporter-output>
          </reporter-output>
        </test-method> <!-- modifySomeGroup -->
        <test-method status="PASS" signature="tearDown()[pri:0, instance:com.example.tests.GroupModificationTests@517cd4b]" name="tearDown" is-config="true" duration-ms="180" started-at="2015-02-24T23:25:38Z" finished-at="2015-02-24T23:25:38Z">
          <reporter-output>
          </reporter-output>
        </test-method> <!-- tearDown -->
      </class> <!-- com.example.tests.GroupModificationTests -->
    </test> <!-- Default test -->
  </suite> <!-- Default suite -->
</testng-results>
