<?xml version="1.0" encoding="UTF-8"?>
<!-- Generated by org.testng.reporters.JUnitXMLReporter -->
<testsuite hostname="Central-PC" name="Default test" tests="5" failures="0" timestamp="4 Mar 2015 01:57:30 GMT" time="18.684" errors="0">
  <testcase name="modifySomeGroup" time="2.975" classname="com.example.tests.GroupModificationTests"/>
  <testcase name="modifySomeGroup" time="2.454" classname="com.example.tests.GroupModificationTests"/>
  <testcase name="modifySomeGroup" time="2.445" classname="com.example.tests.GroupModificationTests"/>
  <testcase name="modifySomeGroup" time="2.71" classname="com.example.tests.GroupModificationTests"/>
  <testcase name="modifySomeGroup" time="2.475" classname="com.example.tests.GroupModificationTests"/>
</testsuite> <!-- Default test -->
